<?xml version="1.0" encoding="UTF-8"?>
<testsuite xmlns:xsi="http://www.w3.org/2001/XMLSchema-instance" xsi:noNamespaceSchemaLocation="https://maven.apache.org/surefire/maven-surefire-plugin/xsd/surefire-test-report-3.0.xsd" version="3.0" name="com.cinema_package.cinema_project.CinemaProjectApplicationTests" time="1.553" tests="1" errors="0" skipped="0" failures="0">
  <properties>
[...]
</properties>
  <testcase name="contextLoads" classname="com.cinema_package.cinema_project.CinemaProjectApplicationTests" time="0.265">
    <system-out><![CDATA[16:52:59.964 [main] INFO org.springframework.test.context.support.AnnotationConfigContextLoaderUtils -- Could not detect default configuration classes for test class [com.cinema_package.cinema_project.CinemaProjectApplicationTests]: CinemaProjectApplicationTests does not declare any static, non-private, non-final, nested classes annotated with @Configuration.
16:53:00.001 [main] INFO org.springframework.boot.test.context.SpringBootTestContextBootstrapper -- Found @SpringBootConfiguration com.cinema_package.cinema_project.CinemaProjectApplication for test class com.cinema_package.cinema_project.CinemaProjectApplicationTests

  .   ____          _            __ _ _
 /\\ / ___'_ __ _ _(_)_ __  __ _ \ \ \ \
( ( )\___ | '_ | '_| | '_ \/ _` | \ \ \ \
 \\/  ___)| |_)| | | | | || (_| |  ) ) ) )
  '  |____| .__|_| |_|_| |_\__, | / / / /
 =========|_|==============|___/=/_/_/_/
 :: Spring Boot ::                (v3.1.0)

2023-12-09T16:53:00.120+08:00  INFO 29348 --- [           main] c.c.c.CinemaProjectApplicationTests      : Starting CinemaProjectApplicationTests using Java 17.0.8 with PID 29348 (started by sukarno in /Users/sukarno/Desktop/sctp_java/project/Movie-Ticket-Booking-Project)
2023-12-09T16:53:00.121+08:00  INFO 29348 --- [           main] c.c.c.CinemaProjectApplicationTests      : No active profile set, falling back to 1 default profile: "default"
2023-12-09T16:53:00.302+08:00  INFO 29348 --- [           main] .s.d.r.c.RepositoryConfigurationDelegate : Bootstrapping Spring Data JPA repositories in DEFAULT mode.
2023-12-09T16:53:00.317+08:00  INFO 29348 --- [           main] .s.d.r.c.RepositoryConfigurationDelegate : Finished Spring Data repository scanning in 13 ms. Found 1 JPA repository interfaces.
2023-12-09T16:53:00.456+08:00  INFO 29348 --- [           main] o.hibernate.jpa.internal.util.LogHelper  : HHH000204: Processing PersistenceUnitInfo [name: default]
2023-12-09T16:53:00.476+08:00  INFO 29348 --- [           main] org.hibernate.Version                    : HHH000412: Hibernate ORM core version 6.2.2.Final
2023-12-09T16:53:00.477+08:00  INFO 29348 --- [           main] org.hibernate.cfg.Environment            : HHH000406: Using bytecode reflection optimizer
2023-12-09T16:53:00.521+08:00  INFO 29348 --- [           main] o.h.b.i.BytecodeProviderInitiator        : HHH000021: Bytecode provider name : bytebuddy
2023-12-09T16:53:00.562+08:00  INFO 29348 --- [           main] o.s.o.j.p.SpringPersistenceUnitInfo      : No LoadTimeWeaver setup: ignoring JPA class transformer
2023-12-09T16:53:00.567+08:00  INFO 29348 --- [           main] com.zaxxer.hikari.HikariDataSource       : HikariPool-1 - Starting...
2023-12-09T16:53:00.640+08:00  INFO 29348 --- [           main] com.zaxxer.hikari.pool.HikariPool        : HikariPool-1 - Added connection org.postgresql.jdbc.PgConnection@7574d4ad
2023-12-09T16:53:00.641+08:00  INFO 29348 --- [           main] com.zaxxer.hikari.HikariDataSource       : HikariPool-1 - Start completed.
2023-12-09T16:53:00.650+08:00  INFO 29348 --- [           main] org.hibernate.orm.dialect                : HHH035001: Using dialect: org.hibernate.dialect.PostgreSQLDialect, version: org.hibernate.engine.jdbc.env.internal.JdbcEnvironmentInitiator$DialectResolutionInfoImpl@15994b0b
2023-12-09T16:53:00.708+08:00  INFO 29348 --- [           main] o.h.b.i.BytecodeProviderInitiator        : HHH000021: Bytecode provider name : bytebuddy
2023-12-09T16:53:00.907+08:00  INFO 29348 --- [           main] o.h.e.t.j.p.i.JtaPlatformInitiator       : HHH000490: Using JtaPlatform implementation: [org.hibernate.engine.transaction.jta.platform.internal.NoJtaPlatform]
2023-12-09T16:53:00.944+08:00  INFO 29348 --- [           main] o.h.t.s.i.e.GenerationTargetToDatabase   : HHH000476: Executing script '[injected ScriptSourceInputNonExistentImpl script]'
2023-12-09T16:53:00.945+08:00  INFO 29348 --- [           main] j.LocalContainerEntityManagerFactoryBean : Initialized JPA EntityManagerFactory for persistence unit 'default'
2023-12-09T16:53:01.077+08:00  WARN 29348 --- [           main] JpaBaseConfiguration$JpaWebConfiguration : spring.jpa.open-in-view is enabled by default. Therefore, database queries may be performed during view rendering. Explicitly configure spring.jpa.open-in-view to disable this warning
2023-12-09T16:53:01.192+08:00  INFO 29348 --- [           main] c.c.c.CinemaProjectApplicationTests      : Started CinemaProjectApplicationTests in 1.15 seconds (process running for 1.463)
]]></system-out>
  </testcase>
</testsuite>